<?xml version="1.0" encoding="UTF-8"?>
<!-- Generated by org.testng.reporters.JUnitXMLReporter -->
<testsuite ignored="0" hostname="DESKTOP-NIG3T8F" failures="1" tests="2" name="Error Validations Test" time="22.036" errors="0" timestamp="2026-03-05T10:13:06 IST">
  <testcase classname="rahulshettyacademy.tests.ErrorValidationsTest" name="LoginErrorValidation" time="1.306">
    <failure type="java.lang.AssertionError" message="expected [Incorrect email or password.] but found [incorrect email or password, ]">
      <![CDATA[java.lang.AssertionError: expected [Incorrect email or password.] but found [incorrect email or password, ]
at rahulshettyacademy.tests.ErrorValidationsTest.LoginErrorValidation(ErrorValidationsTest.java:29)
at java.base/java.util.ArrayList.forEach(ArrayList.java:1511)
... Removed 31 stack frames]]>
    </failure>
  </testcase> <!-- LoginErrorValidation -->
  <testcase classname="rahulshettyacademy.tests.ErrorValidationsTest" name="ProductErrorValidation" time="10.157"/>
</testsuite> <!-- Error Validations Test -->
